<?xml version="1.0" encoding="utf-8"?><testsuites name="pytest tests"><testsuite name="pytest" errors="0" failures="1" skipped="0" tests="15" time="12.767" timestamp="2026-01-28T15:31:49.209347+00:00" hostname="agent-env-061e6693-05e8-48e5-b866-5484b4ac6601"><testcase classname="backend.tests.test_olap_api.TestHealthCheck" name="test_api_root_returns_message" time="0.098" /><testcase classname="backend.tests.test_olap_api.TestDataSummary" name="test_data_summary_returns_10000_plus_records" time="0.046" /><testcase classname="backend.tests.test_olap_api.TestOLAPEndpoints" name="test_sales_by_region_returns_regional_breakdown" time="0.040" /><testcase classname="backend.tests.test_olap_api.TestOLAPEndpoints" name="test_sales_by_region_with_quarter_filter" time="0.318" /><testcase classname="backend.tests.test_olap_api.TestOLAPEndpoints" name="test_sales_by_product_returns_product_data" time="0.042" /><testcase classname="backend.tests.test_olap_api.TestOLAPEndpoints" name="test_sales_by_product_with_region_filter" time="0.083" /><testcase classname="backend.tests.test_olap_api.TestAgentEndpoints" name="test_agents_status_returns_all_active" time="0.080" /><testcase classname="backend.tests.test_olap_api.TestAgentEndpoints" name="test_agents_capabilities_returns_capabilities" time="0.043" /><testcase classname="backend.tests.test_olap_api.TestDimensionsEndpoint" name="test_dimensions_returns_available_dimensions" time="0.039" /><testcase classname="backend.tests.test_olap_api.TestChatEndpoint" name="test_chat_processes_natural_language_query" time="6.343" /><testcase classname="backend.tests.test_olap_api.TestChatEndpoint" name="test_chat_with_session_id" time="5.233" /><testcase classname="backend.tests.test_olap_api.TestOLAPQueryEndpoint" name="test_olap_query_with_dimensions_and_measures" time="0.064" /><testcase classname="backend.tests.test_olap_api.TestOLAPQueryEndpoint" name="test_olap_query_with_filters" time="0.039" /><testcase classname="backend.tests.test_olap_api.TestKPIEndpoint" name="test_kpi_summary_returns_metrics" time="0.109"><failure message="AssertionError: assert ('total_sales' in {'average_order_value': 20414.03, 'average_profit_margin': 29.96, 'num_transactions': 11000, 'revenue_per_unit': 802.82, ...} or 'kpis' in {'average_order_value': 20414.03, 'average_profit_margin': 29.96, 'num_transactions': 11000, 'revenue_per_unit': 802.82, ...})">backend/tests/test_olap_api.py:277: in test_kpi_summary_returns_metrics
    assert "total_sales" in data or "kpis" in data
E   AssertionError: assert ('total_sales' in {'average_order_value': 20414.03, 'average_profit_margin': 29.96, 'num_transactions': 11000, 'revenue_per_unit': 802.82, ...} or 'kpis' in {'average_order_value': 20414.03, 'average_profit_margin': 29.96, 'num_transactions': 11000, 'revenue_per_unit': 802.82, ...})</failure></testcase><testcase classname="backend.tests.test_olap_api.TestSalesByMonth" name="test_sales_by_month_returns_monthly_data" time="0.042" /></testsuite></testsuites>