<?xml version="1.0" encoding="utf-8"?><testsuites name="pytest tests"><testsuite name="pytest" errors="0" failures="0" skipped="0" tests="15" time="11.439" timestamp="2026-01-28T15:32:21.034466+00:00" hostname="agent-env-061e6693-05e8-48e5-b866-5484b4ac6601"><testcase classname="backend.tests.test_olap_api.TestHealthCheck" name="test_api_root_returns_message" time="0.098" /><testcase classname="backend.tests.test_olap_api.TestDataSummary" name="test_data_summary_returns_10000_plus_records" time="0.043" /><testcase classname="backend.tests.test_olap_api.TestOLAPEndpoints" name="test_sales_by_region_returns_regional_breakdown" time="0.042" /><testcase classname="backend.tests.test_olap_api.TestOLAPEndpoints" name="test_sales_by_region_with_quarter_filter" time="0.290" /><testcase classname="backend.tests.test_olap_api.TestOLAPEndpoints" name="test_sales_by_product_returns_product_data" time="0.081" /><testcase classname="backend.tests.test_olap_api.TestOLAPEndpoints" name="test_sales_by_product_with_region_filter" time="0.040" /><testcase classname="backend.tests.test_olap_api.TestAgentEndpoints" name="test_agents_status_returns_all_active" time="0.040" /><testcase classname="backend.tests.test_olap_api.TestAgentEndpoints" name="test_agents_capabilities_returns_capabilities" time="0.079" /><testcase classname="backend.tests.test_olap_api.TestDimensionsEndpoint" name="test_dimensions_returns_available_dimensions" time="0.036" /><testcase classname="backend.tests.test_olap_api.TestChatEndpoint" name="test_chat_processes_natural_language_query" time="6.330" /><testcase classname="backend.tests.test_olap_api.TestChatEndpoint" name="test_chat_with_session_id" time="4.064" /><testcase classname="backend.tests.test_olap_api.TestOLAPQueryEndpoint" name="test_olap_query_with_dimensions_and_measures" time="0.043" /><testcase classname="backend.tests.test_olap_api.TestOLAPQueryEndpoint" name="test_olap_query_with_filters" time="0.041" /><testcase classname="backend.tests.test_olap_api.TestKPIEndpoint" name="test_kpi_summary_returns_metrics" time="0.078" /><testcase classname="backend.tests.test_olap_api.TestSalesByMonth" name="test_sales_by_month_returns_monthly_data" time="0.044" /></testsuite></testsuites>